<?xml version="1.0" encoding="UTF-8"?>
<!-- Generated by org.testng.reporters.JUnitReportReporter -->
<testsuite skipped="0" hostname="Praveenas-MacBook-Pro.local" name="com.runner.com.RunnerTekArch" tests="3" failures="0" timestamp="2022-02-23T22:40:35 PST" time="10.816" errors="0">
  <testcase name="runScenario" time="2.598" classname="com.runner.com.RunnerTekArch"/>
  <system-out/>
  <testcase name="runScenario" time="7.885" classname="com.runner.com.RunnerTekArch"/>
  <system-out/>
  <testcase name="runScenario" time="0.333" classname="com.runner.com.RunnerTekArch"/>
  <system-out/>
</testsuite> <!-- com.runner.com.RunnerTekArch -->
